<?xml version="1.0" encoding="UTF-8"?>
<!-- Generated by org.testng.reporters.JUnitReportReporter -->
<testsuite hostname="Balaji-Kathirwals-MacBook-Pro.local" failures="0" tests="10" name="winspect.com.Winspect_Desktop" time="2332.227" errors="0" timestamp="2025-03-10T22:26:09 IST" skipped="0">
  <testcase classname="winspect.com.Winspect_Desktop" name="company_Key" time="15.322"/>
  <system-out/>
  <testcase classname="winspect.com.Winspect_Desktop" name="userName" time="1.010"/>
  <system-out/>
  <testcase classname="winspect.com.Winspect_Desktop" name="password" time="2.289"/>
  <system-out/>
  <testcase classname="winspect.com.Winspect_Desktop" name="signIn" time="1.754"/>
  <system-out/>
  <testcase classname="winspect.com.Winspect_Desktop" name="pastOrder" time="12.605"/>
  <system-out/>
  <testcase classname="winspect.com.Winspect_Desktop" name="orderCard" time="2.913"/>
  <system-out/>
  <testcase classname="winspect.com.Winspect_Desktop" name="orderDetailsPage" time="13.708"/>
  <system-out/>
  <testcase classname="winspect.com.Winspect_Desktop" name="agreementPopup" time="15.386"/>
  <system-out/>
  <testcase classname="winspect.com.Winspect_Desktop" name="continueInspection" time="10.669"/>
  <system-out/>
  <testcase classname="winspect.com.Winspect_Desktop" name="searchRemarks" time="2256.571"/>
  <system-out/>
</testsuite> <!-- winspect.com.Winspect_Desktop -->
