<?xml version="1.0" encoding="UTF-8"?>
<!-- Generated by org.testng.reporters.JUnitReportReporter -->
<testsuite hostname="Balaji-Kathirwals-MacBook-Pro.local" failures="0" tests="9" name="winspect.com.Winspect_Test" time="135.902" errors="0" timestamp="2025-03-10T20:42:15 IST" skipped="0">
  <testcase classname="winspect.com.Winspect_Test" name="company_Key" time="18.299"/>
  <system-out/>
  <testcase classname="winspect.com.Winspect_Test" name="userName" time="1.021"/>
  <system-out/>
  <testcase classname="winspect.com.Winspect_Test" name="password" time="3.110"/>
  <system-out/>
  <testcase classname="winspect.com.Winspect_Test" name="signIn" time="1.472"/>
  <system-out/>
  <testcase classname="winspect.com.Winspect_Test" name="pastOrder" time="13.584"/>
  <system-out/>
  <testcase classname="winspect.com.Winspect_Test" name="orderCard" time="3.104"/>
  <system-out/>
  <testcase classname="winspect.com.Winspect_Test" name="agreementPopup" time="10.196"/>
  <system-out/>
  <testcase classname="winspect.com.Winspect_Test" name="continueInspection" time="3.116"/>
  <system-out/>
  <testcase classname="winspect.com.Winspect_Test" name="searchRemarks" time="82.000"/>
  <system-out/>
</testsuite> <!-- winspect.com.Winspect_Test -->
