<?xml version="1.0" encoding="UTF-8"?>
<!-- Generated by org.testng.reporters.JUnitReportReporter -->
<testsuite hostname="Balaji-Kathirwals-MacBook-Pro.local" failures="0" tests="9" name="winspect.com.Winspect_Test" time="122.819" errors="0" timestamp="2025-03-06T16:49:57 IST" skipped="0">
  <testcase classname="winspect.com.Winspect_Test" name="company_Key" time="15.018"/>
  <system-out/>
  <testcase classname="winspect.com.Winspect_Test" name="userName" time="1.463"/>
  <system-out/>
  <testcase classname="winspect.com.Winspect_Test" name="password" time="1.987"/>
  <system-out/>
  <testcase classname="winspect.com.Winspect_Test" name="signIn" time="1.061"/>
  <system-out/>
  <testcase classname="winspect.com.Winspect_Test" name="pastOrder" time="14.790"/>
  <system-out/>
  <testcase classname="winspect.com.Winspect_Test" name="orderCard" time="2.750"/>
  <system-out/>
  <testcase classname="winspect.com.Winspect_Test" name="agreementPopup" time="7.552"/>
  <system-out/>
  <testcase classname="winspect.com.Winspect_Test" name="continueInspection" time="4.235"/>
  <system-out/>
  <testcase classname="winspect.com.Winspect_Test" name="searchRemarks" time="73.963"/>
  <system-out/>
</testsuite> <!-- winspect.com.Winspect_Test -->
